<?xml version="1.0" encoding="UTF-8"?>
<!-- Generated by org.testng.reporters.JUnitXMLReporter -->
<testsuite ignored="4" hostname="koripriyan-Inspiron-3576" failures="0" tests="4" name="Command line test" time="6.95" errors="0" timestamp="2025-08-17T18:46:45 IST">
  <testcase classname="AlcoholSearchTest" name="productSearch" time="0.865"/>
  <testcase classname="AlcoholTypesTest" name="AlcoholTypes" time="5.417"/>
  <testcase classname="SignupTest" name="testHomePageTitle" time="0.285"/>
  <testcase classname="HomeTest" name="testHomePageTitle" time="0.339"/>
  <testcase classname="BaseTest" name="@BeforeSuite setUp" time="0.0">
    <ignored/>
  </testcase> <!-- @BeforeSuite setUp -->
  <testcase classname="BaseTest" name="@BeforeSuite setUp" time="0.0">
    <ignored/>
  </testcase> <!-- @BeforeSuite setUp -->
  <testcase classname="BaseTest" name="@BeforeSuite setUp" time="0.0">
    <ignored/>
  </testcase> <!-- @BeforeSuite setUp -->
  <testcase classname="BaseTest" name="@BeforeSuite setUp" time="0.0">
    <ignored/>
  </testcase> <!-- @BeforeSuite setUp -->
</testsuite> <!-- Command line test -->
