<?xml version="1.0" encoding="UTF-8"?>
<testng-results ignored="0" total="4" passed="4" failed="0" skipped="0">
  <reporter-output>
  </reporter-output>
  <suite started-at="2025-08-17T18:46:38 IST" name="Command line suite" finished-at="2025-08-17T18:46:45 IST" duration-ms="6950">
    <groups>
    </groups>
    <test started-at="2025-08-17T18:46:38 IST" name="Command line test" finished-at="2025-08-17T18:46:45 IST" duration-ms="6950">
      <class name="SignupTest">
        <test-method signature="testHomePageTitle()[pri:0, instance:SignupTest@78b1cc93]" started-at="2025-08-17T18:46:45 IST" name="testHomePageTitle" finished-at="2025-08-17T18:46:45 IST" duration-ms="285" status="PASS">
          <reporter-output>
          </reporter-output>
        </test-method> <!-- testHomePageTitle -->
      </class> <!-- SignupTest -->
      <class name="AlcoholTypesTest">
        <test-method signature="AlcoholTypes()[pri:2, instance:AlcoholTypesTest@6f3b5d16]" started-at="2025-08-17T18:46:39 IST" name="AlcoholTypes" finished-at="2025-08-17T18:46:45 IST" duration-ms="5417" status="PASS">
          <reporter-output>
          </reporter-output>
        </test-method> <!-- AlcoholTypes -->
      </class> <!-- AlcoholTypesTest -->
      <class name="AlcoholSearchTest">
        <test-method is-config="true" signature="setUp()[pri:0, instance:AlcoholSearchTest@3b2da18f]" started-at="2025-08-17T18:46:37 IST" name="setUp" finished-at="2025-08-17T18:46:38 IST" duration-ms="1395" status="PASS">
          <reporter-output>
          </reporter-output>
        </test-method> <!-- setUp -->
        <test-method signature="productSearch()[pri:0, instance:AlcoholSearchTest@3b2da18f]" started-at="2025-08-17T18:46:38 IST" name="productSearch" finished-at="2025-08-17T18:46:39 IST" duration-ms="865" status="PASS">
          <reporter-output>
          </reporter-output>
        </test-method> <!-- productSearch -->
      </class> <!-- AlcoholSearchTest -->
      <class name="HomeTest">
        <test-method signature="testHomePageTitle()[pri:1, instance:HomeTest@6646153]" started-at="2025-08-17T18:46:45 IST" name="testHomePageTitle" finished-at="2025-08-17T18:46:45 IST" duration-ms="339" status="PASS">
          <reporter-output>
          </reporter-output>
        </test-method> <!-- testHomePageTitle -->
      </class> <!-- HomeTest -->
    </test> <!-- Command line test -->
  </suite> <!-- Command line suite -->
</testng-results>
